<?xml version='1.0'?>
<ns2:test-suite xmlns:ns2='urn:model.allure.qatools.yandex.ru' start='1691073506358' stop='1691073562453'>
    <name>Usuario: Cliente</name>
    <title>Usuario: Cliente</title>
    <test-cases>
        <test-case start='1691073512895' status='passed' stop='1691073523713'>
            <name>Go To Page</name>
            <title>Go To Page</title>
            <labels/>
            <parameters/>
            <steps/>
            <attachments/>
        </test-case>
        <test-case start='1691073523714' status='failed' stop='1691073560352'>
            <name>Registrar nueva cuenta de usuario </name>
            <title>Registrar nueva cuenta de usuario </title>
            <labels>
                <label name='story' value='BOND-101'/>
            </labels>
            <parameters/>
            <steps/>
            <attachments/>
            <failure>
                <message>TimeoutError: page.waitForSelector: Timeout 30000ms exceeded.
                =========================== logs ===========================
                waiting for locator('xpath=//div[@id=\'uniform-id_gender1\']//input[1]') to be visible
                ============================================================</message>
                <stack-trace>page.waitForSelector: Timeout 30000ms exceeded.
                =========================== logs ===========================
                waiting for locator('xpath=//div[@id=\'uniform-id_gender1\']//input[1]') to be visible
                ============================================================
                    at Function.&lt;anonymous> (C:\Users\USUARIO\Documents\GitHub\ProyectoFinal2023\src\core\element-actions.ts:6:35)
                    at C:\Users\USUARIO\Documents\GitHub\ProyectoFinal2023\src\core\element-actions.ts:8:71
                    at Object.&lt;anonymous>.__awaiter (C:\Users\USUARIO\Documents\GitHub\ProyectoFinal2023\src\core\element-actions.ts:4:12)
                    at Function.click (C:\Users\USUARIO\Documents\GitHub\ProyectoFinal2023\src\core\element-actions.ts:16:16)
                    at RegisterPage.&lt;anonymous> (C:\Users\USUARIO\Documents\GitHub\ProyectoFinal2023\src\pages\register.page.ts:59:34)
                    at C:\Users\USUARIO\Documents\GitHub\ProyectoFinal2023\src\pages\register.page.ts:8:71
                    at Object.&lt;anonymous>.__awaiter (C:\Users\USUARIO\Documents\GitHub\ProyectoFinal2023\src\pages\register.page.ts:4:12)
                    at RegisterPage.createInformationAccount (C:\Users\USUARIO\Documents\GitHub\ProyectoFinal2023\src\pages\register.page.ts:54:16)
                    at C:\Users\USUARIO\Documents\GitHub\ProyectoFinal2023\test\usuario.test.ts:42:28
                    at fulfilled (C:\Users\USUARIO\Documents\GitHub\ProyectoFinal2023\test\usuario.test.ts:5:58)</stack-trace>
            </failure>
            <description type='text'>Login into https://automationexercise.com/</description>
        </test-case>
        <test-case start='1691073560352' status='pending' stop='1691073560352'>
            <name>Iniciar sesion con correo electronico y contraseña invalidos</name>
            <title>Iniciar sesion con correo electronico y contraseña invalidos</title>
            <labels/>
            <parameters/>
            <steps/>
            <attachments/>
            <failure>
                <message>Temporarily disabled with xit</message>
                <stack-trace>undefined</stack-trace>
            </failure>
        </test-case>
        <test-case start='1691073560352' status='pending' stop='1691073560352'>
            <name>Iniciar sesion con email y password correctos </name>
            <title>Iniciar sesion con email y password correctos </title>
            <labels/>
            <parameters/>
            <steps/>
            <attachments/>
            <failure>
                <message>Temporarily disabled with xit</message>
                <stack-trace>undefined</stack-trace>
            </failure>
        </test-case>
    </test-cases>
</ns2:test-suite>