<?xml version='1.0'?>
<ns2:test-suite xmlns:ns2='urn:model.allure.qatools.yandex.ru' start='1691072202341' stop='1691072234078'>
    <name>Usuario: Cliente</name>
    <title>Usuario: Cliente</title>
    <test-cases>
        <test-case start='1691072203652' status='pending' stop='1691072203653'>
            <name>Go To Page</name>
            <title>Go To Page</title>
            <labels/>
            <parameters/>
            <steps/>
            <attachments/>
            <failure>
                <message>Temporarily disabled with xit</message>
                <stack-trace>undefined</stack-trace>
            </failure>
        </test-case>
        <test-case start='1691072203653' status='failed' stop='1691072233688'>
            <name>Registrar nueva cuenta de usuario </name>
            <title>Registrar nueva cuenta de usuario </title>
            <labels>
                <label name='story' value='BOND-101'/>
            </labels>
            <parameters/>
            <steps/>
            <attachments/>
            <failure>
                <message>TimeoutError: page.waitForSelector: Timeout 30000ms exceeded.
                =========================== logs ===========================
                waiting for locator('xpath=//a[contains(.,\'Signup / Login\')]') to be visible
                ============================================================</message>
                <stack-trace>page.waitForSelector: Timeout 30000ms exceeded.
                =========================== logs ===========================
                waiting for locator('xpath=//a[contains(.,\'Signup / Login\')]') to be visible
                ============================================================
                    at Function.&lt;anonymous> (C:\Users\USUARIO\Documents\GitHub\ProyectoFinal2023\src\core\element-actions.ts:6:35)
                    at C:\Users\USUARIO\Documents\GitHub\ProyectoFinal2023\src\core\element-actions.ts:8:71
                    at Object.&lt;anonymous>.__awaiter (C:\Users\USUARIO\Documents\GitHub\ProyectoFinal2023\src\core\element-actions.ts:4:12)
                    at Function.click (C:\Users\USUARIO\Documents\GitHub\ProyectoFinal2023\src\core\element-actions.ts:16:16)
                    at RegisterPage.&lt;anonymous> (C:\Users\USUARIO\Documents\GitHub\ProyectoFinal2023\src\pages\register.page.ts:95:30)
                    at C:\Users\USUARIO\Documents\GitHub\ProyectoFinal2023\src\pages\register.page.ts:8:71
                    at Object.&lt;anonymous>.__awaiter (C:\Users\USUARIO\Documents\GitHub\ProyectoFinal2023\src\pages\register.page.ts:4:12)
                    at RegisterPage.clicLink (C:\Users\USUARIO\Documents\GitHub\ProyectoFinal2023\src\pages\register.page.ts:90:16)
                    at C:\Users\USUARIO\Documents\GitHub\ProyectoFinal2023\test\usuario.test.ts:35:28
                    at C:\Users\USUARIO\Documents\GitHub\ProyectoFinal2023\test\usuario.test.ts:8:71
                    at Object.&lt;anonymous>.__awaiter (C:\Users\USUARIO\Documents\GitHub\ProyectoFinal2023\test\usuario.test.ts:4:12)
                    at Object.&lt;anonymous> (C:\Users\USUARIO\Documents\GitHub\ProyectoFinal2023\test\usuario.test.ts:29:57)
                    at Object.asyncJestTest (C:\Users\USUARIO\Documents\GitHub\ProyectoFinal2023\node_modules\jest-jasmine2\build\jasmineAsyncInstall.js:116:37)
                    at C:\Users\USUARIO\Documents\GitHub\ProyectoFinal2023\node_modules\jest-jasmine2\build\queueRunner.js:35:12
                    at mapper (C:\Users\USUARIO\Documents\GitHub\ProyectoFinal2023\node_modules\jest-jasmine2\build\queueRunner.js:22:19)
                    at C:\Users\USUARIO\Documents\GitHub\ProyectoFinal2023\node_modules\jest-jasmine2\build\queueRunner.js:62:41</stack-trace>
            </failure>
            <description type='text'>Login into https://automationexercise.com/</description>
        </test-case>
        <test-case start='1691072233689' status='pending' stop='1691072233689'>
            <name>Iniciar sesion con correo electronico y contraseña invalidos</name>
            <title>Iniciar sesion con correo electronico y contraseña invalidos</title>
            <labels/>
            <parameters/>
            <steps/>
            <attachments/>
            <failure>
                <message>Temporarily disabled with xit</message>
                <stack-trace>undefined</stack-trace>
            </failure>
        </test-case>
        <test-case start='1691072233689' status='pending' stop='1691072233689'>
            <name>Iniciar sesion con email y password correctos </name>
            <title>Iniciar sesion con email y password correctos </title>
            <labels/>
            <parameters/>
            <steps/>
            <attachments/>
            <failure>
                <message>Temporarily disabled with xit</message>
                <stack-trace>undefined</stack-trace>
            </failure>
        </test-case>
    </test-cases>
</ns2:test-suite>